<?xml version="1.0" encoding="UTF-8" ?>
<testsuite errors="0" failures="0" hostname="mac-spaeth.sit.fraunhofer.de" name="soot.jimple.infoflow.test.junit.ArrayTests" skipped="0" tests="12" time="15.982" timestamp="2015-06-15T11:22:41">
  <properties>
[...]
</properties>
  <testcase classname="soot.jimple.infoflow.test.junit.ArrayTests" name="arrayTransientTest" time="3.482" />
  <testcase classname="soot.jimple.infoflow.test.junit.ArrayTests" name="arrayStaticTest" time="1.835" />
  <testcase classname="soot.jimple.infoflow.test.junit.ArrayTests" name="arrayReadWritePos0Test" time="1.177" />
  <testcase classname="soot.jimple.infoflow.test.junit.ArrayTests" name="arrayReadWritePos1Test" time="0.927" />
  <testcase classname="soot.jimple.infoflow.test.junit.ArrayTests" name="arrayCopyTest" time="1.359" />
  <testcase classname="soot.jimple.infoflow.test.junit.ArrayTests" name="arrayAsFieldOfClassTest" time="1.273" />
  <testcase classname="soot.jimple.infoflow.test.junit.ArrayTests" name="arrayIntReadWriteTest" time="1.231" />
  <testcase classname="soot.jimple.infoflow.test.junit.ArrayTests" name="arrayLengthTest" time="1.127" />
  <testcase classname="soot.jimple.infoflow.test.junit.ArrayTests" name="concreteNegativeTest" time="0.941" />
  <testcase classname="soot.jimple.infoflow.test.junit.ArrayTests" name="arrayOverwriteTest" time="0.82" />
  <testcase classname="soot.jimple.infoflow.test.junit.ArrayTests" name="arrayAsListTest" time="0.929" />
  <testcase classname="soot.jimple.infoflow.test.junit.ArrayTests" name="arrayGlobalTest" time="0.805" />
  <system-out><![CDATA[Warning: javax.crypto.SecretKey is a phantom class!
Warning: java.lang.invoke.LambdaMetafactory is a phantom class!
[Call Graph] For information on where the call graph may be incomplete, use the verbose option to the cg phase.
[Spark] Pointer Assignment Graph in 0.2 seconds.
[Spark] Type masks in 0.0 seconds.
[Spark] Pointer Graph simplified in 0.0 seconds.
[Spark] Propagation in 0.0 seconds.
[Spark] Solution found in 0.0 seconds.
array(java.lang.String[]) * | >> @ array[1] = tainted
this(soot.jimple.infoflow.test.ArrayTestCode) <soot.jimple.infoflow.test.ArrayTestCode: java.lang.String[] transTainted> * | >> @ this.<soot.jimple.infoflow.test.ArrayTestCode: java.lang.String[] transTainted> = array
ALIASQUERIES 0
Warning: javax.crypto.SecretKey is a phantom class!
Warning: java.lang.invoke.LambdaMetafactory is a phantom class!
[Call Graph] For information on where the call graph may be incomplete, use the verbose option to the cg phase.
[Spark] Pointer Assignment Graph in 0.0 seconds.
[Spark] Type masks in 0.0 seconds.
[Spark] Pointer Graph simplified in 0.0 seconds.
[Spark] Propagation in 0.0 seconds.
[Spark] Solution found in 0.0 seconds.
array(java.lang.String[]) * | >> @ array[1] = tainted
<soot.jimple.infoflow.test.ArrayTestCode: java.lang.String[] staticTainted> * | >> @ <soot.jimple.infoflow.test.ArrayTestCode: java.lang.String[] staticTainted> = array
ALIASQUERIES 0
Warning: javax.crypto.SecretKey is a phantom class!
Warning: java.lang.invoke.LambdaMetafactory is a phantom class!
[Call Graph] For information on where the call graph may be incomplete, use the verbose option to the cg phase.
[Spark] Pointer Assignment Graph in 0.0 seconds.
[Spark] Type masks in 0.0 seconds.
[Spark] Pointer Graph simplified in 0.0 seconds.
[Spark] Propagation in 0.0 seconds.
[Spark] Solution found in 0.0 seconds.
array(java.lang.String[]) * | >> @ array[1] = tainted
ALIASQUERIES 0
Warning: javax.crypto.SecretKey is a phantom class!
Warning: java.lang.invoke.LambdaMetafactory is a phantom class!
[Call Graph] For information on where the call graph may be incomplete, use the verbose option to the cg phase.
[Spark] Pointer Assignment Graph in 0.0 seconds.
[Spark] Type masks in 0.0 seconds.
[Spark] Pointer Graph simplified in 0.0 seconds.
[Spark] Propagation in 0.0 seconds.
[Spark] Solution found in 0.0 seconds.
array(java.lang.String[]) * | >> @ array[1] = tainted
ALIASQUERIES 0
Warning: javax.crypto.SecretKey is a phantom class!
Warning: java.lang.invoke.LambdaMetafactory is a phantom class!
[Call Graph] For information on where the call graph may be incomplete, use the verbose option to the cg phase.
[Spark] Pointer Assignment Graph in 0.0 seconds.
[Spark] Type masks in 0.0 seconds.
[Spark] Pointer Graph simplified in 0.0 seconds.
[Spark] Propagation in 0.3 seconds.
[Spark] Solution found in 0.3 seconds.
array(java.lang.String[]) * | >> @ array[0] = tainted
l3(java.lang.Object[]) * | >> @ staticinvoke <java.lang.System: void arraycopy(java.lang.Object,int,java.lang.Object,int,int)>(l0, 0, l3, 0, $i1)
ALIASQUERIES 0
Warning: javax.crypto.SecretKey is a phantom class!
Warning: java.lang.invoke.LambdaMetafactory is a phantom class!
[Call Graph] For information on where the call graph may be incomplete, use the verbose option to the cg phase.
[Spark] Pointer Assignment Graph in 0.0 seconds.
[Spark] Type masks in 0.0 seconds.
[Spark] Pointer Graph simplified in 0.0 seconds.
[Spark] Propagation in 0.2 seconds.
[Spark] Solution found in 0.2 seconds.
array(java.lang.String[]) * | >> @ array[0] = tainted
this(soot.jimple.infoflow.test.utilclasses.ClassWithFinal) <soot.jimple.infoflow.test.utilclasses.ClassWithFinal: java.lang.Object[] a> * | >> @ this.<soot.jimple.infoflow.test.utilclasses.ClassWithFinal: java.lang.Object[] a> = value
ALIASQUERIES 0
Warning: javax.crypto.SecretKey is a phantom class!
Warning: java.lang.invoke.LambdaMetafactory is a phantom class!
[Call Graph] For information on where the call graph may be incomplete, use the verbose option to the cg phase.
[Spark] Pointer Assignment Graph in 0.0 seconds.
[Spark] Type masks in 0.0 seconds.
[Spark] Pointer Graph simplified in 0.0 seconds.
[Spark] Propagation in 0.1 seconds.
[Spark] Solution found in 0.1 seconds.
$r0(int[]) * | >> @ $r0[3] = tainted
_this(soot.jimple.infoflow.test.ArrayTestCode) <soot.jimple.infoflow.test.ArrayTestCode: int[] globalIntTainted> * | $r0[3] = tainted>> @ this.<soot.jimple.infoflow.test.ArrayTestCode: int[] globalIntTainted> = $r0
ALIASQUERIES 0
Warning: javax.crypto.SecretKey is a phantom class!
Warning: java.lang.invoke.LambdaMetafactory is a phantom class!
[Call Graph] For information on where the call graph may be incomplete, use the verbose option to the cg phase.
[Spark] Pointer Assignment Graph in 0.0 seconds.
[Spark] Type masks in 0.0 seconds.
[Spark] Pointer Graph simplified in 0.0 seconds.
[Spark] Propagation in 0.1 seconds.
[Spark] Solution found in 0.1 seconds.
l1(char[]) * | >> @ staticinvoke <java.lang.System: void arraycopy(java.lang.Object,int,java.lang.Object,int,int)>($r2, 0, l1, 0, $i1)
ALIASQUERIES 0
Warning: javax.crypto.SecretKey is a phantom class!
Warning: java.lang.invoke.LambdaMetafactory is a phantom class!
[Call Graph] For information on where the call graph may be incomplete, use the verbose option to the cg phase.
[Spark] Pointer Assignment Graph in 0.0 seconds.
[Spark] Type masks in 0.0 seconds.
[Spark] Pointer Graph simplified in 0.0 seconds.
[Spark] Propagation in 0.0 seconds.
[Spark] Solution found in 0.0 seconds.
notRelevant(java.lang.String[]) * | >> @ notRelevant[0] = tainted
ALIASQUERIES 0
Warning: javax.crypto.SecretKey is a phantom class!
Warning: java.lang.invoke.LambdaMetafactory is a phantom class!
[Call Graph] For information on where the call graph may be incomplete, use the verbose option to the cg phase.
[Spark] Pointer Assignment Graph in 0.0 seconds.
[Spark] Type masks in 0.0 seconds.
[Spark] Pointer Graph simplified in 0.0 seconds.
[Spark] Propagation in 0.0 seconds.
[Spark] Solution found in 0.0 seconds.
array(java.lang.String[]) * | >> @ array[0] = tainted
ALIASQUERIES 0
Warning: javax.crypto.SecretKey is a phantom class!
Warning: java.lang.invoke.LambdaMetafactory is a phantom class!
[Call Graph] For information on where the call graph may be incomplete, use the verbose option to the cg phase.
[Spark] Pointer Assignment Graph in 0.0 seconds.
[Spark] Type masks in 0.0 seconds.
[Spark] Pointer Graph simplified in 0.0 seconds.
[Spark] Propagation in 0.1 seconds.
[Spark] Solution found in 0.1 seconds.
array(java.lang.String[]) * | >> @ array[0] = tainted
l0(java.util.Arrays$ArrayList) <java.util.Arrays$ArrayList: java.lang.Object[] a> * | >> @ l0.<java.util.Arrays$ArrayList: java.lang.Object[] a> = l1
ALIASQUERIES 0
Warning: javax.crypto.SecretKey is a phantom class!
Warning: java.lang.invoke.LambdaMetafactory is a phantom class!
[Call Graph] For information on where the call graph may be incomplete, use the verbose option to the cg phase.
[Spark] Pointer Assignment Graph in 0.0 seconds.
[Spark] Type masks in 0.0 seconds.
[Spark] Pointer Graph simplified in 0.0 seconds.
[Spark] Propagation in 0.0 seconds.
[Spark] Solution found in 0.0 seconds.
array(java.lang.String[]) * | >> @ array[1] = tainted
this(soot.jimple.infoflow.test.ArrayTestCode) <soot.jimple.infoflow.test.ArrayTestCode: java.lang.String[] globalTainted> * | >> @ this.<soot.jimple.infoflow.test.ArrayTestCode: java.lang.String[] globalTainted> = array
ALIASQUERIES 0
]]></system-out>
  <system-err><![CDATA[SLF4J: Class path contains multiple SLF4J bindings.
SLF4J: Found binding in [jar:file:/Users/spaeth/Documents/workspace/builds/soot-trunk.jar!/org/slf4j/impl/StaticLoggerBinder.class]
SLF4J: Found binding in [jar:file:/Users/spaeth/Documents/workspace/soot-infoflow-alias/lib/slf4j-simple-1.7.5.jar!/org/slf4j/impl/StaticLoggerBinder.class]
SLF4J: See http://www.slf4j.org/codes.html#multiple_bindings for an explanation.
SLF4J: Actual binding is of type [org.slf4j.impl.SimpleLoggerFactory]
[Thread-0] INFO soot.jimple.infoflow.Infoflow - Resetting Soot...
[Thread-0] INFO soot.jimple.infoflow.Infoflow - Basic class loading done.
[Thread-0] INFO soot.jimple.infoflow.util.InterproceduralConstantValuePropagator - Removing side-effect free methods is disabled
[Thread-0] INFO soot.jimple.infoflow.Infoflow - Dead code elimination took 0.071419 seconds
[Thread-0] INFO soot.jimple.infoflow.Infoflow - Callgraph has 56 edges
[Thread-0] INFO soot.jimple.infoflow.Infoflow - Implicit flow tracking is NOT enabled
[Thread-0] INFO soot.jimple.infoflow.Infoflow - Running with a maximum access path length of 5
[Thread-0] INFO soot.jimple.infoflow.Infoflow - Using path-agnostic result collection
[Thread-0] INFO soot.jimple.infoflow.Infoflow - Recursive access path shortening is enabled
[Thread-0] INFO soot.jimple.infoflow.Infoflow - Looking for sources and sinks...
[Thread-0] INFO soot.jimple.infoflow.Infoflow - Source lookup done, found 1 sources and 1 sinks.
[Thread-0] INFO soot.jimple.infoflow.Infoflow - IFDS problem with 46 forward and 19 backward edges solved, processing 1 results...
[Thread-0] INFO soot.jimple.infoflow.data.pathBuilders.ContextSensitivePathBuilder - Context-sensitive path reconstructor started
[Thread-0] INFO soot.jimple.infoflow.data.pathBuilders.ContextSensitivePathBuilder - Obtainted 1 connections between sources and sinks
[Thread-0] INFO soot.jimple.infoflow.data.pathBuilders.ContextSensitivePathBuilder - Building path 1
[Thread-0] INFO soot.jimple.infoflow.data.pathBuilders.ContextSensitivePathBuilder - Path processing took 0.004055 seconds in total
[Thread-0] INFO soot.jimple.infoflow.Infoflow - The sink virtualinvoke cm.<soot.jimple.infoflow.test.android.ConnectionManager: void publish(java.lang.String)>($r1) in method <soot.jimple.infoflow.test.ArrayTestCode: void concreteTransientTest()> was called with values from the following sources:
[Thread-0] INFO soot.jimple.infoflow.Infoflow - - tainted = staticinvoke <soot.jimple.infoflow.test.android.TelephonyManager: java.lang.String getDeviceId()>() in method <soot.jimple.infoflow.test.ArrayTestCode: void concreteTransientTest()>
[Thread-0] INFO soot.jimple.infoflow.Infoflow - 	on Path: 
[Thread-0] INFO soot.jimple.infoflow.Infoflow - 	 -> <soot.jimple.infoflow.test.ArrayTestCode: void concreteTransientTest()>
[Thread-0] INFO soot.jimple.infoflow.Infoflow - 		 -> virtualinvoke cm.<soot.jimple.infoflow.test.android.ConnectionManager: void publish(java.lang.String)>($r1)
[Thread-4] INFO soot.jimple.infoflow.Infoflow - Resetting Soot...
[Thread-4] INFO soot.jimple.infoflow.Infoflow - Basic class loading done.
[Thread-4] INFO soot.jimple.infoflow.util.InterproceduralConstantValuePropagator - Removing side-effect free methods is disabled
[Thread-4] INFO soot.jimple.infoflow.Infoflow - Dead code elimination took 0.008319 seconds
[Thread-4] INFO soot.jimple.infoflow.Infoflow - Callgraph has 58 edges
[Thread-4] INFO soot.jimple.infoflow.Infoflow - Implicit flow tracking is NOT enabled
[Thread-4] INFO soot.jimple.infoflow.Infoflow - Running with a maximum access path length of 5
[Thread-4] INFO soot.jimple.infoflow.Infoflow - Using path-agnostic result collection
[Thread-4] INFO soot.jimple.infoflow.Infoflow - Recursive access path shortening is enabled
[Thread-4] INFO soot.jimple.infoflow.Infoflow - Looking for sources and sinks...
[Thread-4] INFO soot.jimple.infoflow.Infoflow - Source lookup done, found 1 sources and 1 sinks.
[Thread-4] INFO soot.jimple.infoflow.Infoflow - IFDS problem with 46 forward and 12 backward edges solved, processing 1 results...
[Thread-4] INFO soot.jimple.infoflow.data.pathBuilders.ContextSensitivePathBuilder - Context-sensitive path reconstructor started
[Thread-4] INFO soot.jimple.infoflow.data.pathBuilders.ContextSensitivePathBuilder - Obtainted 1 connections between sources and sinks
[Thread-4] INFO soot.jimple.infoflow.data.pathBuilders.ContextSensitivePathBuilder - Building path 1
[Thread-4] INFO soot.jimple.infoflow.data.pathBuilders.ContextSensitivePathBuilder - Path processing took 0.002792 seconds in total
[Thread-4] INFO soot.jimple.infoflow.Infoflow - The sink virtualinvoke cm.<soot.jimple.infoflow.test.android.ConnectionManager: void publish(java.lang.String)>($r1) in method <soot.jimple.infoflow.test.ArrayTestCode: void concreteStaticTest()> was called with values from the following sources:
[Thread-4] INFO soot.jimple.infoflow.Infoflow - - tainted = staticinvoke <soot.jimple.infoflow.test.android.TelephonyManager: java.lang.String getDeviceId()>() in method <soot.jimple.infoflow.test.ArrayTestCode: void concreteStaticTest()>
[Thread-4] INFO soot.jimple.infoflow.Infoflow - 	on Path: 
[Thread-4] INFO soot.jimple.infoflow.Infoflow - 	 -> <soot.jimple.infoflow.test.ArrayTestCode: void concreteStaticTest()>
[Thread-4] INFO soot.jimple.infoflow.Infoflow - 		 -> virtualinvoke cm.<soot.jimple.infoflow.test.android.ConnectionManager: void publish(java.lang.String)>($r1)
[Thread-7] INFO soot.jimple.infoflow.Infoflow - Resetting Soot...
[Thread-7] INFO soot.jimple.infoflow.Infoflow - Basic class loading done.
[Thread-7] INFO soot.jimple.infoflow.util.InterproceduralConstantValuePropagator - Removing side-effect free methods is disabled
[Thread-7] INFO soot.jimple.infoflow.Infoflow - Dead code elimination took 0.007123 seconds
[Thread-7] INFO soot.jimple.infoflow.Infoflow - Callgraph has 56 edges
[Thread-7] INFO soot.jimple.infoflow.Infoflow - Implicit flow tracking is NOT enabled
[Thread-7] INFO soot.jimple.infoflow.Infoflow - Running with a maximum access path length of 5
[Thread-7] INFO soot.jimple.infoflow.Infoflow - Using path-agnostic result collection
[Thread-7] INFO soot.jimple.infoflow.Infoflow - Recursive access path shortening is enabled
[Thread-7] INFO soot.jimple.infoflow.Infoflow - Looking for sources and sinks...
[Thread-7] INFO soot.jimple.infoflow.Infoflow - Source lookup done, found 1 sources and 1 sinks.
[Thread-7] INFO soot.jimple.infoflow.Infoflow - IFDS problem with 23 forward and 2 backward edges solved, processing 1 results...
[Thread-7] INFO soot.jimple.infoflow.data.pathBuilders.ContextSensitivePathBuilder - Context-sensitive path reconstructor started
[Thread-7] INFO soot.jimple.infoflow.data.pathBuilders.ContextSensitivePathBuilder - Obtainted 1 connections between sources and sinks
[Thread-7] INFO soot.jimple.infoflow.data.pathBuilders.ContextSensitivePathBuilder - Building path 1
[Thread-7] INFO soot.jimple.infoflow.data.pathBuilders.ContextSensitivePathBuilder - Path processing took 6.96E-4 seconds in total
[Thread-7] INFO soot.jimple.infoflow.Infoflow - The sink virtualinvoke cm.<soot.jimple.infoflow.test.android.ConnectionManager: void publish(java.lang.String)>(taintedElement) in method <soot.jimple.infoflow.test.ArrayTestCode: void concreteWriteReadSamePosTest()> was called with values from the following sources:
[Thread-7] INFO soot.jimple.infoflow.Infoflow - - tainted = staticinvoke <soot.jimple.infoflow.test.android.TelephonyManager: java.lang.String getDeviceId()>() in method <soot.jimple.infoflow.test.ArrayTestCode: void concreteWriteReadSamePosTest()>
[Thread-7] INFO soot.jimple.infoflow.Infoflow - 	on Path: 
[Thread-7] INFO soot.jimple.infoflow.Infoflow - 	 -> <soot.jimple.infoflow.test.ArrayTestCode: void concreteWriteReadSamePosTest()>
[Thread-7] INFO soot.jimple.infoflow.Infoflow - 		 -> virtualinvoke cm.<soot.jimple.infoflow.test.android.ConnectionManager: void publish(java.lang.String)>(taintedElement)
[Thread-10] INFO soot.jimple.infoflow.Infoflow - Resetting Soot...
[Thread-10] INFO soot.jimple.infoflow.Infoflow - Basic class loading done.
[Thread-10] INFO soot.jimple.infoflow.util.InterproceduralConstantValuePropagator - Removing side-effect free methods is disabled
[Thread-10] INFO soot.jimple.infoflow.Infoflow - Dead code elimination took 0.004648 seconds
[Thread-10] INFO soot.jimple.infoflow.Infoflow - Callgraph has 56 edges
[Thread-10] INFO soot.jimple.infoflow.Infoflow - Implicit flow tracking is NOT enabled
[Thread-10] INFO soot.jimple.infoflow.Infoflow - Running with a maximum access path length of 5
[Thread-10] INFO soot.jimple.infoflow.Infoflow - Using path-agnostic result collection
[Thread-10] INFO soot.jimple.infoflow.Infoflow - Recursive access path shortening is enabled
[Thread-10] INFO soot.jimple.infoflow.Infoflow - Looking for sources and sinks...
[Thread-10] INFO soot.jimple.infoflow.Infoflow - Source lookup done, found 1 sources and 1 sinks.
[Thread-10] INFO soot.jimple.infoflow.Infoflow - IFDS problem with 23 forward and 2 backward edges solved, processing 1 results...
[Thread-10] INFO soot.jimple.infoflow.data.pathBuilders.ContextSensitivePathBuilder - Context-sensitive path reconstructor started
[Thread-10] INFO soot.jimple.infoflow.data.pathBuilders.ContextSensitivePathBuilder - Obtainted 1 connections between sources and sinks
[Thread-10] INFO soot.jimple.infoflow.data.pathBuilders.ContextSensitivePathBuilder - Building path 1
[Thread-10] INFO soot.jimple.infoflow.data.pathBuilders.ContextSensitivePathBuilder - Path processing took 6.01E-4 seconds in total
[Thread-10] INFO soot.jimple.infoflow.Infoflow - The sink virtualinvoke cm.<soot.jimple.infoflow.test.android.ConnectionManager: void publish(java.lang.String)>(taintedElement2) in method <soot.jimple.infoflow.test.ArrayTestCode: void concreteWriteReadDiffPosTest()> was called with values from the following sources:
[Thread-10] INFO soot.jimple.infoflow.Infoflow - - tainted = staticinvoke <soot.jimple.infoflow.test.android.TelephonyManager: java.lang.String getDeviceId()>() in method <soot.jimple.infoflow.test.ArrayTestCode: void concreteWriteReadDiffPosTest()>
[Thread-10] INFO soot.jimple.infoflow.Infoflow - 	on Path: 
[Thread-10] INFO soot.jimple.infoflow.Infoflow - 	 -> <soot.jimple.infoflow.test.ArrayTestCode: void concreteWriteReadDiffPosTest()>
[Thread-10] INFO soot.jimple.infoflow.Infoflow - 		 -> virtualinvoke cm.<soot.jimple.infoflow.test.android.ConnectionManager: void publish(java.lang.String)>(taintedElement2)
[Thread-13] INFO soot.jimple.infoflow.Infoflow - Resetting Soot...
[Thread-13] INFO soot.jimple.infoflow.Infoflow - Basic class loading done.
[Thread-13] INFO soot.jimple.infoflow.util.InterproceduralConstantValuePropagator - Removing side-effect free methods is disabled
[Thread-13] INFO soot.jimple.infoflow.Infoflow - Dead code elimination took 0.077945 seconds
[Thread-13] INFO soot.jimple.infoflow.Infoflow - Callgraph has 372 edges
[Thread-13] INFO soot.jimple.infoflow.Infoflow - Implicit flow tracking is NOT enabled
[Thread-13] INFO soot.jimple.infoflow.Infoflow - Running with a maximum access path length of 5
[Thread-13] INFO soot.jimple.infoflow.Infoflow - Using path-agnostic result collection
[Thread-13] INFO soot.jimple.infoflow.Infoflow - Recursive access path shortening is enabled
[Thread-13] INFO soot.jimple.infoflow.Infoflow - Looking for sources and sinks...
[Thread-13] INFO soot.jimple.infoflow.Infoflow - Source lookup done, found 1 sources and 1 sinks.
[Thread-13] INFO soot.jimple.infoflow.Infoflow - IFDS problem with 103 forward and 12 backward edges solved, processing 1 results...
[Thread-13] INFO soot.jimple.infoflow.data.pathBuilders.ContextSensitivePathBuilder - Context-sensitive path reconstructor started
[Thread-13] INFO soot.jimple.infoflow.data.pathBuilders.ContextSensitivePathBuilder - Obtainted 1 connections between sources and sinks
[Thread-13] INFO soot.jimple.infoflow.data.pathBuilders.ContextSensitivePathBuilder - Building path 1
[Thread-13] INFO soot.jimple.infoflow.data.pathBuilders.ContextSensitivePathBuilder - Path processing took 0.001145 seconds in total
[Thread-13] INFO soot.jimple.infoflow.Infoflow - The sink virtualinvoke cm.<soot.jimple.infoflow.test.android.ConnectionManager: void publish(java.lang.String)>($r2) in method <soot.jimple.infoflow.test.ArrayTestCode: void copyTest()> was called with values from the following sources:
[Thread-13] INFO soot.jimple.infoflow.Infoflow - - tainted = staticinvoke <soot.jimple.infoflow.test.android.TelephonyManager: java.lang.String getDeviceId()>() in method <soot.jimple.infoflow.test.ArrayTestCode: void copyTest()>
[Thread-13] INFO soot.jimple.infoflow.Infoflow - 	on Path: 
[Thread-13] INFO soot.jimple.infoflow.Infoflow - 	 -> <soot.jimple.infoflow.test.ArrayTestCode: void copyTest()>
[Thread-13] INFO soot.jimple.infoflow.Infoflow - 		 -> virtualinvoke cm.<soot.jimple.infoflow.test.android.ConnectionManager: void publish(java.lang.String)>($r2)
[Thread-16] INFO soot.jimple.infoflow.Infoflow - Resetting Soot...
[Thread-16] INFO soot.jimple.infoflow.Infoflow - Basic class loading done.
[Thread-16] INFO soot.jimple.infoflow.util.InterproceduralConstantValuePropagator - Removing side-effect free methods is disabled
[Thread-16] INFO soot.jimple.infoflow.Infoflow - Dead code elimination took 0.025866 seconds
[Thread-16] INFO soot.jimple.infoflow.Infoflow - Callgraph has 359 edges
[Thread-16] INFO soot.jimple.infoflow.Infoflow - Implicit flow tracking is NOT enabled
[Thread-16] INFO soot.jimple.infoflow.Infoflow - Running with a maximum access path length of 5
[Thread-16] INFO soot.jimple.infoflow.Infoflow - Using path-agnostic result collection
[Thread-16] INFO soot.jimple.infoflow.Infoflow - Recursive access path shortening is enabled
[Thread-16] INFO soot.jimple.infoflow.Infoflow - Looking for sources and sinks...
[Thread-16] INFO soot.jimple.infoflow.Infoflow - Source lookup done, found 1 sources and 1 sinks.
[Thread-16] INFO soot.jimple.infoflow.Infoflow - IFDS problem with 93 forward and 9 backward edges solved, processing 1 results...
[Thread-16] INFO soot.jimple.infoflow.data.pathBuilders.ContextSensitivePathBuilder - Context-sensitive path reconstructor started
[Thread-16] INFO soot.jimple.infoflow.data.pathBuilders.ContextSensitivePathBuilder - Obtainted 1 connections between sources and sinks
[Thread-16] INFO soot.jimple.infoflow.data.pathBuilders.ContextSensitivePathBuilder - Building path 1
[Thread-16] INFO soot.jimple.infoflow.data.pathBuilders.ContextSensitivePathBuilder - Path processing took 0.003608 seconds in total
[Thread-16] INFO soot.jimple.infoflow.Infoflow - The sink virtualinvoke cm.<soot.jimple.infoflow.test.android.ConnectionManager: void publish(java.lang.String)>(y) in method <soot.jimple.infoflow.test.ArrayTestCode: void arrayAsFieldOfClass()> was called with values from the following sources:
[Thread-16] INFO soot.jimple.infoflow.Infoflow - - tainted = staticinvoke <soot.jimple.infoflow.test.android.TelephonyManager: java.lang.String getDeviceId()>() in method <soot.jimple.infoflow.test.ArrayTestCode: void arrayAsFieldOfClass()>
[Thread-16] INFO soot.jimple.infoflow.Infoflow - 	on Path: 
[Thread-16] INFO soot.jimple.infoflow.Infoflow - 	 -> <soot.jimple.infoflow.test.ArrayTestCode: void arrayAsFieldOfClass()>
[Thread-16] INFO soot.jimple.infoflow.Infoflow - 		 -> virtualinvoke cm.<soot.jimple.infoflow.test.android.ConnectionManager: void publish(java.lang.String)>(y)
[main] INFO soot.jimple.infoflow.Infoflow - Resetting Soot...
[main] INFO soot.jimple.infoflow.Infoflow - Basic class loading done.
[main] INFO soot.jimple.infoflow.util.InterproceduralConstantValuePropagator - Removing side-effect free methods is disabled
[main] INFO soot.jimple.infoflow.Infoflow - Dead code elimination took 0.025085 seconds
[main] INFO soot.jimple.infoflow.Infoflow - Callgraph has 376 edges
[main] INFO soot.jimple.infoflow.Infoflow - Implicit flow tracking is NOT enabled
[main] INFO soot.jimple.infoflow.Infoflow - Running with a maximum access path length of 5
[main] INFO soot.jimple.infoflow.Infoflow - Using path-agnostic result collection
[main] INFO soot.jimple.infoflow.Infoflow - Recursive access path shortening is enabled
[main] INFO soot.jimple.infoflow.Infoflow - Looking for sources and sinks...
[main] INFO soot.jimple.infoflow.Infoflow - Source lookup done, found 1 sources and 1 sinks.
[main] INFO soot.jimple.infoflow.Infoflow - IFDS problem with 73 forward and 16 backward edges solved, processing 1 results...
[main] INFO soot.jimple.infoflow.data.pathBuilders.ContextSensitivePathBuilder - Context-sensitive path reconstructor started
[main] INFO soot.jimple.infoflow.data.pathBuilders.ContextSensitivePathBuilder - Obtainted 1 connections between sources and sinks
[main] INFO soot.jimple.infoflow.data.pathBuilders.ContextSensitivePathBuilder - Building path 1
[main] INFO soot.jimple.infoflow.data.pathBuilders.ContextSensitivePathBuilder - Path processing took 0.00464 seconds in total
[main] INFO soot.jimple.infoflow.Infoflow - The sink virtualinvoke cm.<soot.jimple.infoflow.test.android.ConnectionManager: void publish(int)>(taintedElement) in method <soot.jimple.infoflow.test.ArrayTestCode: void concreteWriteReadSamePosIntArrayTest()> was called with values from the following sources:
[main] INFO soot.jimple.infoflow.Infoflow - - tainted = staticinvoke <soot.jimple.infoflow.test.android.TelephonyManager: int getIMEI()>() in method <soot.jimple.infoflow.test.ArrayTestCode: void concreteWriteReadSamePosIntArrayTest()>
[main] INFO soot.jimple.infoflow.Infoflow - 	on Path: 
[main] INFO soot.jimple.infoflow.Infoflow - 	 -> <soot.jimple.infoflow.test.ArrayTestCode: void concreteWriteReadSamePosIntArrayTest()>
[main] INFO soot.jimple.infoflow.Infoflow - 		 -> virtualinvoke cm.<soot.jimple.infoflow.test.android.ConnectionManager: void publish(int)>(taintedElement)
[Thread-21] INFO soot.jimple.infoflow.Infoflow - Resetting Soot...
[Thread-21] INFO soot.jimple.infoflow.Infoflow - Basic class loading done.
[Thread-21] INFO soot.jimple.infoflow.util.InterproceduralConstantValuePropagator - Removing side-effect free methods is disabled
[Thread-21] INFO soot.jimple.infoflow.Infoflow - Dead code elimination took 0.013392 seconds
[Thread-21] INFO soot.jimple.infoflow.Infoflow - Callgraph has 380 edges
[Thread-21] INFO soot.jimple.infoflow.Infoflow - Implicit flow tracking is NOT enabled
[Thread-21] INFO soot.jimple.infoflow.Infoflow - Running with a maximum access path length of 5
[Thread-21] INFO soot.jimple.infoflow.Infoflow - Using path-agnostic result collection
[Thread-21] INFO soot.jimple.infoflow.Infoflow - Recursive access path shortening is enabled
[Thread-21] INFO soot.jimple.infoflow.Infoflow - Looking for sources and sinks...
[Thread-21] INFO soot.jimple.infoflow.Infoflow - Source lookup done, found 1 sources and 1 sinks.
[Thread-21] INFO soot.jimple.infoflow.Infoflow - IFDS problem with 58 forward and 4 backward edges solved, processing 1 results...
[Thread-21] INFO soot.jimple.infoflow.data.pathBuilders.ContextSensitivePathBuilder - Context-sensitive path reconstructor started
[Thread-21] INFO soot.jimple.infoflow.data.pathBuilders.ContextSensitivePathBuilder - Obtainted 1 connections between sources and sinks
[Thread-21] INFO soot.jimple.infoflow.data.pathBuilders.ContextSensitivePathBuilder - Building path 1
[Thread-21] INFO soot.jimple.infoflow.data.pathBuilders.ContextSensitivePathBuilder - Path processing took 5.51E-4 seconds in total
[Thread-21] INFO soot.jimple.infoflow.Infoflow - The sink virtualinvoke cm.<soot.jimple.infoflow.test.android.ConnectionManager: void publish(int)>($i0) in method <soot.jimple.infoflow.test.ArrayTestCode: void arrayLengthTest()> was called with values from the following sources:
[Thread-21] INFO soot.jimple.infoflow.Infoflow - - tainted = staticinvoke <soot.jimple.infoflow.test.android.TelephonyManager: java.lang.String getDeviceId()>() in method <soot.jimple.infoflow.test.ArrayTestCode: void arrayLengthTest()>
[Thread-21] INFO soot.jimple.infoflow.Infoflow - 	on Path: 
[Thread-21] INFO soot.jimple.infoflow.Infoflow - 	 -> <soot.jimple.infoflow.test.ArrayTestCode: void arrayLengthTest()>
[Thread-21] INFO soot.jimple.infoflow.Infoflow - 		 -> virtualinvoke cm.<soot.jimple.infoflow.test.android.ConnectionManager: void publish(int)>($i0)
[Thread-24] INFO soot.jimple.infoflow.Infoflow - Resetting Soot...
[Thread-24] INFO soot.jimple.infoflow.Infoflow - Basic class loading done.
[Thread-24] INFO soot.jimple.infoflow.util.InterproceduralConstantValuePropagator - Removing side-effect free methods is disabled
[Thread-24] INFO soot.jimple.infoflow.Infoflow - Dead code elimination took 0.001156 seconds
[Thread-24] INFO soot.jimple.infoflow.Infoflow - Callgraph has 59 edges
[Thread-24] INFO soot.jimple.infoflow.Infoflow - Implicit flow tracking is NOT enabled
[Thread-24] INFO soot.jimple.infoflow.Infoflow - Running with a maximum access path length of 5
[Thread-24] INFO soot.jimple.infoflow.Infoflow - Using path-agnostic result collection
[Thread-24] INFO soot.jimple.infoflow.Infoflow - Recursive access path shortening is enabled
[Thread-24] INFO soot.jimple.infoflow.Infoflow - Looking for sources and sinks...
[Thread-24] INFO soot.jimple.infoflow.Infoflow - Source lookup done, found 1 sources and 1 sinks.
[Thread-24] INFO soot.jimple.infoflow.Infoflow - IFDS problem with 35 forward and 4 backward edges solved, processing 0 results...
[Thread-24] INFO soot.jimple.infoflow.data.pathBuilders.ContextSensitivePathBuilder - Context-sensitive path reconstructor started
[Thread-24] WARN soot.jimple.infoflow.Infoflow - No results found.
[Thread-26] INFO soot.jimple.infoflow.Infoflow - Resetting Soot...
[Thread-26] INFO soot.jimple.infoflow.Infoflow - Basic class loading done.
[Thread-26] INFO soot.jimple.infoflow.util.InterproceduralConstantValuePropagator - Removing side-effect free methods is disabled
[Thread-26] INFO soot.jimple.infoflow.Infoflow - Dead code elimination took 0.001079 seconds
[Thread-26] INFO soot.jimple.infoflow.Infoflow - Callgraph has 56 edges
[Thread-26] INFO soot.jimple.infoflow.Infoflow - Implicit flow tracking is NOT enabled
[Thread-26] INFO soot.jimple.infoflow.Infoflow - Running with a maximum access path length of 5
[Thread-26] INFO soot.jimple.infoflow.Infoflow - Using path-agnostic result collection
[Thread-26] INFO soot.jimple.infoflow.Infoflow - Recursive access path shortening is enabled
[Thread-26] INFO soot.jimple.infoflow.Infoflow - Looking for sources and sinks...
[Thread-26] INFO soot.jimple.infoflow.Infoflow - Source lookup done, found 1 sources and 1 sinks.
[Thread-26] INFO soot.jimple.infoflow.Infoflow - IFDS problem with 20 forward and 1 backward edges solved, processing 1 results...
[Thread-26] INFO soot.jimple.infoflow.data.pathBuilders.ContextSensitivePathBuilder - Context-sensitive path reconstructor started
[Thread-26] INFO soot.jimple.infoflow.data.pathBuilders.ContextSensitivePathBuilder - Obtainted 1 connections between sources and sinks
[Thread-26] INFO soot.jimple.infoflow.data.pathBuilders.ContextSensitivePathBuilder - Building path 1
[Thread-26] INFO soot.jimple.infoflow.data.pathBuilders.ContextSensitivePathBuilder - Path processing took 0.003697 seconds in total
[Thread-26] INFO soot.jimple.infoflow.Infoflow - The sink virtualinvoke cm.<soot.jimple.infoflow.test.android.ConnectionManager: void publish(java.lang.String)>($r1) in method <soot.jimple.infoflow.test.ArrayTestCode: void arrayOverwriteTest()> was called with values from the following sources:
[Thread-26] INFO soot.jimple.infoflow.Infoflow - - tainted = staticinvoke <soot.jimple.infoflow.test.android.TelephonyManager: java.lang.String getDeviceId()>() in method <soot.jimple.infoflow.test.ArrayTestCode: void arrayOverwriteTest()>
[Thread-26] INFO soot.jimple.infoflow.Infoflow - 	on Path: 
[Thread-26] INFO soot.jimple.infoflow.Infoflow - 	 -> <soot.jimple.infoflow.test.ArrayTestCode: void arrayOverwriteTest()>
[Thread-26] INFO soot.jimple.infoflow.Infoflow - 		 -> virtualinvoke cm.<soot.jimple.infoflow.test.android.ConnectionManager: void publish(java.lang.String)>($r1)
[Thread-29] INFO soot.jimple.infoflow.Infoflow - Resetting Soot...
[Thread-29] INFO soot.jimple.infoflow.Infoflow - Basic class loading done.
[Thread-29] INFO soot.jimple.infoflow.util.InterproceduralConstantValuePropagator - Removing side-effect free methods is disabled
[Thread-29] INFO soot.jimple.infoflow.Infoflow - Dead code elimination took 0.013816 seconds
[Thread-29] INFO soot.jimple.infoflow.Infoflow - Callgraph has 363 edges
[Thread-29] INFO soot.jimple.infoflow.Infoflow - Implicit flow tracking is NOT enabled
[Thread-29] INFO soot.jimple.infoflow.Infoflow - Running with a maximum access path length of 5
[Thread-29] INFO soot.jimple.infoflow.Infoflow - Using path-agnostic result collection
[Thread-29] INFO soot.jimple.infoflow.Infoflow - Recursive access path shortening is enabled
[Thread-29] INFO soot.jimple.infoflow.Infoflow - Looking for sources and sinks...
[Thread-29] INFO soot.jimple.infoflow.Infoflow - Source lookup done, found 1 sources and 1 sinks.
[Thread-29] INFO soot.jimple.infoflow.Infoflow - IFDS problem with 96 forward and 15 backward edges solved, processing 1 results...
[Thread-29] INFO soot.jimple.infoflow.data.pathBuilders.ContextSensitivePathBuilder - Context-sensitive path reconstructor started
[Thread-29] INFO soot.jimple.infoflow.data.pathBuilders.ContextSensitivePathBuilder - Obtainted 1 connections between sources and sinks
[Thread-29] INFO soot.jimple.infoflow.data.pathBuilders.ContextSensitivePathBuilder - Building path 1
[Thread-29] INFO soot.jimple.infoflow.data.pathBuilders.ContextSensitivePathBuilder - Path processing took 7.52E-4 seconds in total
[Thread-29] INFO soot.jimple.infoflow.Infoflow - The sink virtualinvoke cm.<soot.jimple.infoflow.test.android.ConnectionManager: void publish(java.lang.String)>(dummyString) in method <soot.jimple.infoflow.test.ArrayTestCode: void arrayAsListTest()> was called with values from the following sources:
[Thread-29] INFO soot.jimple.infoflow.Infoflow - - tainted = staticinvoke <soot.jimple.infoflow.test.android.TelephonyManager: java.lang.String getDeviceId()>() in method <soot.jimple.infoflow.test.ArrayTestCode: void arrayAsListTest()>
[Thread-29] INFO soot.jimple.infoflow.Infoflow - 	on Path: 
[Thread-29] INFO soot.jimple.infoflow.Infoflow - 	 -> <soot.jimple.infoflow.test.ArrayTestCode: void arrayAsListTest()>
[Thread-29] INFO soot.jimple.infoflow.Infoflow - 		 -> virtualinvoke cm.<soot.jimple.infoflow.test.android.ConnectionManager: void publish(java.lang.String)>(dummyString)
[Thread-32] INFO soot.jimple.infoflow.Infoflow - Resetting Soot...
[Thread-32] INFO soot.jimple.infoflow.Infoflow - Basic class loading done.
[Thread-32] INFO soot.jimple.infoflow.util.InterproceduralConstantValuePropagator - Removing side-effect free methods is disabled
[Thread-32] INFO soot.jimple.infoflow.Infoflow - Dead code elimination took 0.001035 seconds
[Thread-32] INFO soot.jimple.infoflow.Infoflow - Callgraph has 56 edges
[Thread-32] INFO soot.jimple.infoflow.Infoflow - Implicit flow tracking is NOT enabled
[Thread-32] INFO soot.jimple.infoflow.Infoflow - Running with a maximum access path length of 5
[Thread-32] INFO soot.jimple.infoflow.Infoflow - Using path-agnostic result collection
[Thread-32] INFO soot.jimple.infoflow.Infoflow - Recursive access path shortening is enabled
[Thread-32] INFO soot.jimple.infoflow.Infoflow - Looking for sources and sinks...
[Thread-32] INFO soot.jimple.infoflow.Infoflow - Source lookup done, found 1 sources and 1 sinks.
[Thread-32] INFO soot.jimple.infoflow.Infoflow - IFDS problem with 46 forward and 19 backward edges solved, processing 1 results...
[Thread-32] INFO soot.jimple.infoflow.data.pathBuilders.ContextSensitivePathBuilder - Context-sensitive path reconstructor started
[Thread-32] INFO soot.jimple.infoflow.data.pathBuilders.ContextSensitivePathBuilder - Obtainted 1 connections between sources and sinks
[Thread-32] INFO soot.jimple.infoflow.data.pathBuilders.ContextSensitivePathBuilder - Building path 1
[Thread-32] INFO soot.jimple.infoflow.data.pathBuilders.ContextSensitivePathBuilder - Path processing took 6.06E-4 seconds in total
[Thread-32] INFO soot.jimple.infoflow.Infoflow - The sink virtualinvoke cm.<soot.jimple.infoflow.test.android.ConnectionManager: void publish(java.lang.String)>($r1) in method <soot.jimple.infoflow.test.ArrayTestCode: void concreteGlobalTest()> was called with values from the following sources:
[Thread-32] INFO soot.jimple.infoflow.Infoflow - - tainted = staticinvoke <soot.jimple.infoflow.test.android.TelephonyManager: java.lang.String getDeviceId()>() in method <soot.jimple.infoflow.test.ArrayTestCode: void concreteGlobalTest()>
[Thread-32] INFO soot.jimple.infoflow.Infoflow - 	on Path: 
[Thread-32] INFO soot.jimple.infoflow.Infoflow - 	 -> <soot.jimple.infoflow.test.ArrayTestCode: void concreteGlobalTest()>
[Thread-32] INFO soot.jimple.infoflow.Infoflow - 		 -> virtualinvoke cm.<soot.jimple.infoflow.test.android.ConnectionManager: void publish(java.lang.String)>($r1)
]]></system-err>
</testsuite>
