<?xml version="1.0" encoding="UTF-8" ?>
<testsuite errors="0" failures="0" hostname="mac-spaeth.sit.fraunhofer.de" name="soot.jimple.infoflow.test.junit.CallbackTests" skipped="0" tests="3" time="6.104" timestamp="2015-06-15T11:22:58">
  <properties>
[...]
</properties>
  <testcase classname="soot.jimple.infoflow.test.junit.CallbackTests" name="secondCallBackTest" time="3.417" />
  <testcase classname="soot.jimple.infoflow.test.junit.CallbackTests" name="thirdCallBackTest" time="1.607" />
  <testcase classname="soot.jimple.infoflow.test.junit.CallbackTests" name="callbackTest" time="1.006" />
  <system-out><![CDATA[Warning: javax.crypto.SecretKey is a phantom class!
Warning: java.lang.invoke.LambdaMetafactory is a phantom class!
[Call Graph] For information on where the call graph may be incomplete, use the verbose option to the cg phase.
[Spark] Pointer Assignment Graph in 0.1 seconds.
[Spark] Type masks in 0.0 seconds.
[Spark] Pointer Graph simplified in 0.0 seconds.
[Spark] Propagation in 0.0 seconds.
[Spark] Solution found in 0.0 seconds.
$r0(soot.jimple.infoflow.test.CallbackTestCode$Activity) <soot.jimple.infoflow.test.CallbackTestCode$Activity: java.lang.String field> * | >> @ $r0.<soot.jimple.infoflow.test.CallbackTestCode$Activity: java.lang.String field> = $r1
_this(soot.jimple.infoflow.test.CallbackTestCode$LocListener) <soot.jimple.infoflow.test.CallbackTestCode$LocListener: soot.jimple.infoflow.test.CallbackTestCode$Activity parent> <soot.jimple.infoflow.test.CallbackTestCode$Activity: java.lang.String field> * | $r0.<soot.jimple.infoflow.test.CallbackTestCode$Activity: java.lang.String field> = $r1>> @ this.<soot.jimple.infoflow.test.CallbackTestCode$LocListener: soot.jimple.infoflow.test.CallbackTestCode$Activity parent> = a
_this(soot.jimple.infoflow.test.CallbackTestCode$LocListener) <soot.jimple.infoflow.test.CallbackTestCode$LocListener: soot.jimple.infoflow.test.CallbackTestCode$Activity parent> <soot.jimple.infoflow.test.CallbackTestCode$Activity: java.lang.String field> * | $r0.<soot.jimple.infoflow.test.CallbackTestCode$Activity: java.lang.String field> = $r1>> @ this.<soot.jimple.infoflow.test.CallbackTestCode$LocListener: soot.jimple.infoflow.test.CallbackTestCode$Activity parent> = a
ALIASQUERIES 0
Warning: javax.crypto.SecretKey is a phantom class!
Warning: java.lang.invoke.LambdaMetafactory is a phantom class!
[Call Graph] For information on where the call graph may be incomplete, use the verbose option to the cg phase.
[Spark] Pointer Assignment Graph in 0.0 seconds.
[Spark] Type masks in 0.0 seconds.
[Spark] Pointer Graph simplified in 0.0 seconds.
[Spark] Propagation in 0.0 seconds.
[Spark] Solution found in 0.0 seconds.
$r0(soot.jimple.infoflow.test.CallbackTestCode$Activity2) <soot.jimple.infoflow.test.CallbackTestCode$Activity2: java.lang.String field> * | >> @ $r0.<soot.jimple.infoflow.test.CallbackTestCode$Activity2: java.lang.String field> = $r1
_this(soot.jimple.infoflow.test.CallbackTestCode$LocListener2) <soot.jimple.infoflow.test.CallbackTestCode$LocListener2: soot.jimple.infoflow.test.CallbackTestCode$Activity2 parent> <soot.jimple.infoflow.test.CallbackTestCode$Activity2: java.lang.String field> * | $r0.<soot.jimple.infoflow.test.CallbackTestCode$Activity2: java.lang.String field> = $r1>> @ this.<soot.jimple.infoflow.test.CallbackTestCode$LocListener2: soot.jimple.infoflow.test.CallbackTestCode$Activity2 parent> = a
_this(soot.jimple.infoflow.test.CallbackTestCode$LocListener2) <soot.jimple.infoflow.test.CallbackTestCode$LocListener2: soot.jimple.infoflow.test.CallbackTestCode$Activity2 parent> <soot.jimple.infoflow.test.CallbackTestCode$Activity2: java.lang.String field> * | $r0.<soot.jimple.infoflow.test.CallbackTestCode$Activity2: java.lang.String field> = $r1>> @ this.<soot.jimple.infoflow.test.CallbackTestCode$LocListener2: soot.jimple.infoflow.test.CallbackTestCode$Activity2 parent> = a
ALIASQUERIES 0
Warning: javax.crypto.SecretKey is a phantom class!
Warning: java.lang.invoke.LambdaMetafactory is a phantom class!
[Call Graph] For information on where the call graph may be incomplete, use the verbose option to the cg phase.
[Spark] Pointer Assignment Graph in 0.0 seconds.
[Spark] Type masks in 0.0 seconds.
[Spark] Pointer Graph simplified in 0.0 seconds.
[Spark] Propagation in 0.0 seconds.
[Spark] Solution found in 0.0 seconds.
l0(soot.jimple.infoflow.test.CallbackTestCode$Container) <soot.jimple.infoflow.test.CallbackTestCode$Container: java.lang.String field> * | >> @ l0.<soot.jimple.infoflow.test.CallbackTestCode$Container: java.lang.String field> = l1
_this(soot.jimple.infoflow.test.CallbackTestCode$MyLocationListener) <soot.jimple.infoflow.test.CallbackTestCode$MyLocationListener: soot.jimple.infoflow.test.CallbackTestCode$Container con> <soot.jimple.infoflow.test.CallbackTestCode$Container: java.lang.String field> * | l0.<soot.jimple.infoflow.test.CallbackTestCode$Container: java.lang.String field> = l1>> @ this.<soot.jimple.infoflow.test.CallbackTestCode$MyLocationListener: soot.jimple.infoflow.test.CallbackTestCode$Container con> = con
_this(soot.jimple.infoflow.test.CallbackTestCode$MyLocationListener) <soot.jimple.infoflow.test.CallbackTestCode$MyLocationListener: soot.jimple.infoflow.test.CallbackTestCode$Container con> <soot.jimple.infoflow.test.CallbackTestCode$Container: java.lang.String field> * | l0.<soot.jimple.infoflow.test.CallbackTestCode$Container: java.lang.String field> = l1>> @ this.<soot.jimple.infoflow.test.CallbackTestCode$MyLocationListener: soot.jimple.infoflow.test.CallbackTestCode$Container con> = con
ALIASQUERIES 0
]]></system-out>
  <system-err><![CDATA[SLF4J: Class path contains multiple SLF4J bindings.
SLF4J: Found binding in [jar:file:/Users/spaeth/Documents/workspace/builds/soot-trunk.jar!/org/slf4j/impl/StaticLoggerBinder.class]
SLF4J: Found binding in [jar:file:/Users/spaeth/Documents/workspace/soot-infoflow-alias/lib/slf4j-simple-1.7.5.jar!/org/slf4j/impl/StaticLoggerBinder.class]
SLF4J: See http://www.slf4j.org/codes.html#multiple_bindings for an explanation.
SLF4J: Actual binding is of type [org.slf4j.impl.SimpleLoggerFactory]
[Thread-0] INFO soot.jimple.infoflow.Infoflow - Resetting Soot...
[Thread-0] INFO soot.jimple.infoflow.Infoflow - Basic class loading done.
[Thread-0] INFO soot.jimple.infoflow.util.InterproceduralConstantValuePropagator - Removing side-effect free methods is disabled
[Thread-0] INFO soot.jimple.infoflow.Infoflow - Dead code elimination took 0.074463 seconds
[Thread-0] INFO soot.jimple.infoflow.Infoflow - Callgraph has 40 edges
[Thread-0] INFO soot.jimple.infoflow.Infoflow - Implicit flow tracking is NOT enabled
[Thread-0] INFO soot.jimple.infoflow.Infoflow - Running with a maximum access path length of 5
[Thread-0] INFO soot.jimple.infoflow.Infoflow - Using path-agnostic result collection
[Thread-0] INFO soot.jimple.infoflow.Infoflow - Recursive access path shortening is enabled
[Thread-0] INFO soot.jimple.infoflow.Infoflow - Looking for sources and sinks...
[Thread-0] INFO soot.jimple.infoflow.Infoflow - Source lookup done, found 1 sources and 1 sinks.
[Thread-0] INFO soot.jimple.infoflow.Infoflow - IFDS problem with 96 forward and 56 backward edges solved, processing 1 results...
[Thread-0] INFO soot.jimple.infoflow.data.pathBuilders.ContextSensitivePathBuilder - Context-sensitive path reconstructor started
[Thread-0] INFO soot.jimple.infoflow.data.pathBuilders.ContextSensitivePathBuilder - Obtainted 1 connections between sources and sinks
[Thread-0] INFO soot.jimple.infoflow.data.pathBuilders.ContextSensitivePathBuilder - Building path 1
[Thread-0] INFO soot.jimple.infoflow.data.pathBuilders.ContextSensitivePathBuilder - Path processing took 0.003728 seconds in total
[Thread-0] INFO soot.jimple.infoflow.Infoflow - The sink virtualinvoke cm.<soot.jimple.infoflow.test.android.ConnectionManager: void publish(java.lang.String)>($r1) in method <soot.jimple.infoflow.test.CallbackTestCode$Activity: void send()> was called with values from the following sources:
[Thread-0] INFO soot.jimple.infoflow.Infoflow - - $r1 = staticinvoke <soot.jimple.infoflow.test.android.TelephonyManager: java.lang.String getDeviceId()>() in method <soot.jimple.infoflow.test.CallbackTestCode$LocListener: void set()>
[Thread-0] INFO soot.jimple.infoflow.Infoflow - 	on Path: 
[Thread-0] INFO soot.jimple.infoflow.Infoflow - 	 -> <soot.jimple.infoflow.test.CallbackTestCode$Activity: void send()>
[Thread-0] INFO soot.jimple.infoflow.Infoflow - 		 -> virtualinvoke cm.<soot.jimple.infoflow.test.android.ConnectionManager: void publish(java.lang.String)>($r1)
[Thread-4] INFO soot.jimple.infoflow.Infoflow - Resetting Soot...
[Thread-4] INFO soot.jimple.infoflow.Infoflow - Basic class loading done.
[Thread-4] INFO soot.jimple.infoflow.util.InterproceduralConstantValuePropagator - Removing side-effect free methods is disabled
[Thread-4] INFO soot.jimple.infoflow.Infoflow - Dead code elimination took 0.003259 seconds
[Thread-4] INFO soot.jimple.infoflow.Infoflow - Callgraph has 38 edges
[Thread-4] INFO soot.jimple.infoflow.Infoflow - Implicit flow tracking is NOT enabled
[Thread-4] INFO soot.jimple.infoflow.Infoflow - Running with a maximum access path length of 5
[Thread-4] INFO soot.jimple.infoflow.Infoflow - Using path-agnostic result collection
[Thread-4] INFO soot.jimple.infoflow.Infoflow - Recursive access path shortening is enabled
[Thread-4] INFO soot.jimple.infoflow.Infoflow - Looking for sources and sinks...
[Thread-4] INFO soot.jimple.infoflow.Infoflow - Source lookup done, found 1 sources and 1 sinks.
[Thread-4] INFO soot.jimple.infoflow.Infoflow - IFDS problem with 99 forward and 46 backward edges solved, processing 1 results...
[Thread-4] INFO soot.jimple.infoflow.data.pathBuilders.ContextSensitivePathBuilder - Context-sensitive path reconstructor started
[Thread-4] INFO soot.jimple.infoflow.data.pathBuilders.ContextSensitivePathBuilder - Obtainted 1 connections between sources and sinks
[Thread-4] INFO soot.jimple.infoflow.data.pathBuilders.ContextSensitivePathBuilder - Building path 1
[Thread-4] INFO soot.jimple.infoflow.data.pathBuilders.ContextSensitivePathBuilder - Path processing took 0.003398 seconds in total
[Thread-4] INFO soot.jimple.infoflow.Infoflow - The sink virtualinvoke cm.<soot.jimple.infoflow.test.android.ConnectionManager: void publish(java.lang.String)>($r1) in method <soot.jimple.infoflow.test.CallbackTestCode$Activity2: void send()> was called with values from the following sources:
[Thread-4] INFO soot.jimple.infoflow.Infoflow - - $r1 = staticinvoke <soot.jimple.infoflow.test.android.TelephonyManager: java.lang.String getDeviceId()>() in method <soot.jimple.infoflow.test.CallbackTestCode$LocListener2: void set()>
[Thread-4] INFO soot.jimple.infoflow.Infoflow - 	on Path: 
[Thread-4] INFO soot.jimple.infoflow.Infoflow - 	 -> <soot.jimple.infoflow.test.CallbackTestCode$Activity2: void send()>
[Thread-4] INFO soot.jimple.infoflow.Infoflow - 		 -> virtualinvoke cm.<soot.jimple.infoflow.test.android.ConnectionManager: void publish(java.lang.String)>($r1)
[Thread-7] INFO soot.jimple.infoflow.Infoflow - Resetting Soot...
[Thread-7] INFO soot.jimple.infoflow.Infoflow - Basic class loading done.
[Thread-7] INFO soot.jimple.infoflow.util.InterproceduralConstantValuePropagator - Removing side-effect free methods is disabled
[Thread-7] INFO soot.jimple.infoflow.Infoflow - Dead code elimination took 0.004769 seconds
[Thread-7] INFO soot.jimple.infoflow.Infoflow - Callgraph has 39 edges
[Thread-7] INFO soot.jimple.infoflow.Infoflow - Implicit flow tracking is NOT enabled
[Thread-7] INFO soot.jimple.infoflow.Infoflow - Running with a maximum access path length of 5
[Thread-7] INFO soot.jimple.infoflow.Infoflow - Using path-agnostic result collection
[Thread-7] INFO soot.jimple.infoflow.Infoflow - Recursive access path shortening is enabled
[Thread-7] INFO soot.jimple.infoflow.Infoflow - Looking for sources and sinks...
[Thread-7] INFO soot.jimple.infoflow.Infoflow - Source lookup done, found 1 sources and 1 sinks.
[Thread-7] INFO soot.jimple.infoflow.Infoflow - IFDS problem with 84 forward and 34 backward edges solved, processing 1 results...
[Thread-7] INFO soot.jimple.infoflow.data.pathBuilders.ContextSensitivePathBuilder - Context-sensitive path reconstructor started
[Thread-7] INFO soot.jimple.infoflow.data.pathBuilders.ContextSensitivePathBuilder - Obtainted 1 connections between sources and sinks
[Thread-7] INFO soot.jimple.infoflow.data.pathBuilders.ContextSensitivePathBuilder - Building path 1
[Thread-7] INFO soot.jimple.infoflow.data.pathBuilders.ContextSensitivePathBuilder - Path processing took 0.001076 seconds in total
[Thread-7] INFO soot.jimple.infoflow.Infoflow - The sink virtualinvoke cm.<soot.jimple.infoflow.test.android.ConnectionManager: void publish(java.lang.String)>($r1) in method <soot.jimple.infoflow.test.CallbackTestCode$Container: void publish()> was called with values from the following sources:
[Thread-7] INFO soot.jimple.infoflow.Infoflow - - $r1 = staticinvoke <soot.jimple.infoflow.test.android.TelephonyManager: java.lang.String getDeviceId()>() in method <soot.jimple.infoflow.test.CallbackTestCode$MyLocationListener: void onLocationChanged()>
[Thread-7] INFO soot.jimple.infoflow.Infoflow - 	on Path: 
[Thread-7] INFO soot.jimple.infoflow.Infoflow - 	 -> <soot.jimple.infoflow.test.CallbackTestCode$Container: void publish()>
[Thread-7] INFO soot.jimple.infoflow.Infoflow - 		 -> virtualinvoke cm.<soot.jimple.infoflow.test.android.ConnectionManager: void publish(java.lang.String)>($r1)
]]></system-err>
</testsuite>
