<?xml version="1.0" encoding="UTF-8" ?>
<testsuite errors="7" failures="0" hostname="mac-spaeth.sit.fraunhofer.de" name="soot.jimple.infoflow.test.junit.ExceptionTests" skipped="0" tests="7" time="0.23" timestamp="2015-06-15T11:20:11">
  <properties>
[...]
</properties>
  <testcase classname="soot.jimple.infoflow.test.junit.ExceptionTests" name="exceptionControlFlowTestNoJDK1" time="0.051">
    <error message="dart/preanalysis/NopTransformer" type="java.lang.NoClassDefFoundError">java.lang.NoClassDefFoundError: dart/preanalysis/NopTransformer
	at soot.jimple.infoflow.test.junit.JUnitTests.initInfoflow(JUnitTests.java:135)
	at soot.jimple.infoflow.test.junit.JUnitTests.initInfoflow(JUnitTests.java:131)
	at soot.jimple.infoflow.test.junit.ExceptionTests.exceptionControlFlowTestNoJDK1(ExceptionTests.java:44)
Caused by: java.lang.ClassNotFoundException: dart.preanalysis.NopTransformer
	at java.net.URLClassLoader$1.run(URLClassLoader.java:366)
	at java.net.URLClassLoader$1.run(URLClassLoader.java:355)
	at java.security.AccessController.doPrivileged(Native Method)
	at java.net.URLClassLoader.findClass(URLClassLoader.java:354)
	at java.lang.ClassLoader.loadClass(ClassLoader.java:425)
	at sun.misc.Launcher$AppClassLoader.loadClass(Launcher.java:308)
	at java.lang.ClassLoader.loadClass(ClassLoader.java:358)
</error>
  </testcase>
  <testcase classname="soot.jimple.infoflow.test.junit.ExceptionTests" name="exceptionControlWrappedFlowTest1" time="0.024">
    <error message="dart/preanalysis/NopTransformer" type="java.lang.NoClassDefFoundError">java.lang.NoClassDefFoundError: dart/preanalysis/NopTransformer
	at soot.jimple.infoflow.test.junit.JUnitTests.initInfoflow(JUnitTests.java:135)
	at soot.jimple.infoflow.test.junit.JUnitTests.initInfoflow(JUnitTests.java:131)
	at soot.jimple.infoflow.test.junit.ExceptionTests.exceptionControlWrappedFlowTest1(ExceptionTests.java:34)
Caused by: java.lang.ClassNotFoundException: dart.preanalysis.NopTransformer
	at java.net.URLClassLoader$1.run(URLClassLoader.java:366)
	at java.net.URLClassLoader$1.run(URLClassLoader.java:355)
	at java.security.AccessController.doPrivileged(Native Method)
	at java.net.URLClassLoader.findClass(URLClassLoader.java:354)
	at java.lang.ClassLoader.loadClass(ClassLoader.java:425)
	at sun.misc.Launcher$AppClassLoader.loadClass(Launcher.java:308)
	at java.lang.ClassLoader.loadClass(ClassLoader.java:358)
</error>
  </testcase>
  <testcase classname="soot.jimple.infoflow.test.junit.ExceptionTests" name="exceptionControlFlowTest1" time="0.019">
    <error message="dart/preanalysis/NopTransformer" type="java.lang.NoClassDefFoundError">java.lang.NoClassDefFoundError: dart/preanalysis/NopTransformer
	at soot.jimple.infoflow.test.junit.JUnitTests.initInfoflow(JUnitTests.java:135)
	at soot.jimple.infoflow.test.junit.JUnitTests.initInfoflow(JUnitTests.java:131)
	at soot.jimple.infoflow.test.junit.ExceptionTests.exceptionControlFlowTest1(ExceptionTests.java:25)
Caused by: java.lang.ClassNotFoundException: dart.preanalysis.NopTransformer
	at java.net.URLClassLoader$1.run(URLClassLoader.java:366)
	at java.net.URLClassLoader$1.run(URLClassLoader.java:355)
	at java.security.AccessController.doPrivileged(Native Method)
	at java.net.URLClassLoader.findClass(URLClassLoader.java:354)
	at java.lang.ClassLoader.loadClass(ClassLoader.java:425)
	at sun.misc.Launcher$AppClassLoader.loadClass(Launcher.java:308)
	at java.lang.ClassLoader.loadClass(ClassLoader.java:358)
</error>
  </testcase>
  <testcase classname="soot.jimple.infoflow.test.junit.ExceptionTests" name="exceptionControlFlowTest2" time="0.018">
    <error message="dart/preanalysis/NopTransformer" type="java.lang.NoClassDefFoundError">java.lang.NoClassDefFoundError: dart/preanalysis/NopTransformer
	at soot.jimple.infoflow.test.junit.JUnitTests.initInfoflow(JUnitTests.java:135)
	at soot.jimple.infoflow.test.junit.JUnitTests.initInfoflow(JUnitTests.java:131)
	at soot.jimple.infoflow.test.junit.ExceptionTests.exceptionControlFlowTest2(ExceptionTests.java:67)
Caused by: java.lang.ClassNotFoundException: dart.preanalysis.NopTransformer
	at java.net.URLClassLoader$1.run(URLClassLoader.java:366)
	at java.net.URLClassLoader$1.run(URLClassLoader.java:355)
	at java.security.AccessController.doPrivileged(Native Method)
	at java.net.URLClassLoader.findClass(URLClassLoader.java:354)
	at java.lang.ClassLoader.loadClass(ClassLoader.java:425)
	at sun.misc.Launcher$AppClassLoader.loadClass(Launcher.java:308)
	at java.lang.ClassLoader.loadClass(ClassLoader.java:358)
</error>
  </testcase>
  <testcase classname="soot.jimple.infoflow.test.junit.ExceptionTests" name="exceptionControlFlowTest3" time="0.017">
    <error message="dart/preanalysis/NopTransformer" type="java.lang.NoClassDefFoundError">java.lang.NoClassDefFoundError: dart/preanalysis/NopTransformer
	at soot.jimple.infoflow.test.junit.JUnitTests.initInfoflow(JUnitTests.java:135)
	at soot.jimple.infoflow.test.junit.JUnitTests.initInfoflow(JUnitTests.java:131)
	at soot.jimple.infoflow.test.junit.ExceptionTests.exceptionControlFlowTest3(ExceptionTests.java:76)
Caused by: java.lang.ClassNotFoundException: dart.preanalysis.NopTransformer
	at java.net.URLClassLoader$1.run(URLClassLoader.java:366)
	at java.net.URLClassLoader$1.run(URLClassLoader.java:355)
	at java.security.AccessController.doPrivileged(Native Method)
	at java.net.URLClassLoader.findClass(URLClassLoader.java:354)
	at java.lang.ClassLoader.loadClass(ClassLoader.java:425)
	at sun.misc.Launcher$AppClassLoader.loadClass(Launcher.java:308)
	at java.lang.ClassLoader.loadClass(ClassLoader.java:358)
</error>
  </testcase>
  <testcase classname="soot.jimple.infoflow.test.junit.ExceptionTests" name="exceptionDataFlowTest1" time="0.014">
    <error message="dart/preanalysis/NopTransformer" type="java.lang.NoClassDefFoundError">java.lang.NoClassDefFoundError: dart/preanalysis/NopTransformer
	at soot.jimple.infoflow.test.junit.JUnitTests.initInfoflow(JUnitTests.java:135)
	at soot.jimple.infoflow.test.junit.JUnitTests.initInfoflow(JUnitTests.java:131)
	at soot.jimple.infoflow.test.junit.ExceptionTests.exceptionDataFlowTest1(ExceptionTests.java:85)
Caused by: java.lang.ClassNotFoundException: dart.preanalysis.NopTransformer
	at java.net.URLClassLoader$1.run(URLClassLoader.java:366)
	at java.net.URLClassLoader$1.run(URLClassLoader.java:355)
	at java.security.AccessController.doPrivileged(Native Method)
	at java.net.URLClassLoader.findClass(URLClassLoader.java:354)
	at java.lang.ClassLoader.loadClass(ClassLoader.java:425)
	at sun.misc.Launcher$AppClassLoader.loadClass(Launcher.java:308)
	at java.lang.ClassLoader.loadClass(ClassLoader.java:358)
</error>
  </testcase>
  <testcase classname="soot.jimple.infoflow.test.junit.ExceptionTests" name="exceptionDataFlowTest2" time="0.017">
    <error message="dart/preanalysis/NopTransformer" type="java.lang.NoClassDefFoundError">java.lang.NoClassDefFoundError: dart/preanalysis/NopTransformer
	at soot.jimple.infoflow.test.junit.JUnitTests.initInfoflow(JUnitTests.java:135)
	at soot.jimple.infoflow.test.junit.JUnitTests.initInfoflow(JUnitTests.java:131)
	at soot.jimple.infoflow.test.junit.ExceptionTests.exceptionDataFlowTest2(ExceptionTests.java:94)
Caused by: java.lang.ClassNotFoundException: dart.preanalysis.NopTransformer
	at java.net.URLClassLoader$1.run(URLClassLoader.java:366)
	at java.net.URLClassLoader$1.run(URLClassLoader.java:355)
	at java.security.AccessController.doPrivileged(Native Method)
	at java.net.URLClassLoader.findClass(URLClassLoader.java:354)
	at java.lang.ClassLoader.loadClass(ClassLoader.java:425)
	at sun.misc.Launcher$AppClassLoader.loadClass(Launcher.java:308)
	at java.lang.ClassLoader.loadClass(ClassLoader.java:358)
</error>
  </testcase>
  <system-out><![CDATA[]]></system-out>
  <system-err><![CDATA[]]></system-err>
</testsuite>
