<?xml version="1.0" encoding="UTF-8" ?>
<testsuite errors="11" failures="0" hostname="mac-spaeth.sit.fraunhofer.de" name="soot.jimple.infoflow.test.junit.EasyWrapperTests" skipped="0" tests="11" time="0.447" timestamp="2015-06-15T11:20:10">
  <properties>
[...]
</properties>
  <testcase classname="soot.jimple.infoflow.test.junit.EasyWrapperTests" name="stringConcatTest" time="0.047">
    <error message="dart/preanalysis/NopTransformer" type="java.lang.NoClassDefFoundError">java.lang.NoClassDefFoundError: dart/preanalysis/NopTransformer
	at soot.jimple.infoflow.test.junit.JUnitTests.initInfoflow(JUnitTests.java:135)
	at soot.jimple.infoflow.test.junit.JUnitTests.initInfoflow(JUnitTests.java:131)
	at soot.jimple.infoflow.test.junit.EasyWrapperTests.stringConcatTest(EasyWrapperTests.java:178)
Caused by: java.lang.ClassNotFoundException: dart.preanalysis.NopTransformer
	at java.net.URLClassLoader$1.run(URLClassLoader.java:366)
	at java.net.URLClassLoader$1.run(URLClassLoader.java:355)
	at java.security.AccessController.doPrivileged(Native Method)
	at java.net.URLClassLoader.findClass(URLClassLoader.java:354)
	at java.lang.ClassLoader.loadClass(ClassLoader.java:425)
	at sun.misc.Launcher$AppClassLoader.loadClass(Launcher.java:308)
	at java.lang.ClassLoader.loadClass(ClassLoader.java:358)
</error>
  </testcase>
  <testcase classname="soot.jimple.infoflow.test.junit.EasyWrapperTests" name="equalsTest2" time="0.026">
    <error message="dart/preanalysis/NopTransformer" type="java.lang.NoClassDefFoundError">java.lang.NoClassDefFoundError: dart/preanalysis/NopTransformer
	at soot.jimple.infoflow.test.junit.JUnitTests.initInfoflow(JUnitTests.java:135)
	at soot.jimple.infoflow.test.junit.JUnitTests.initInfoflow(JUnitTests.java:131)
	at soot.jimple.infoflow.test.junit.EasyWrapperTests.equalsTest2(EasyWrapperTests.java:69)
Caused by: java.lang.ClassNotFoundException: dart.preanalysis.NopTransformer
	at java.net.URLClassLoader$1.run(URLClassLoader.java:366)
	at java.net.URLClassLoader$1.run(URLClassLoader.java:355)
	at java.security.AccessController.doPrivileged(Native Method)
	at java.net.URLClassLoader.findClass(URLClassLoader.java:354)
	at java.lang.ClassLoader.loadClass(ClassLoader.java:425)
	at sun.misc.Launcher$AppClassLoader.loadClass(Launcher.java:308)
	at java.lang.ClassLoader.loadClass(ClassLoader.java:358)
</error>
  </testcase>
  <testcase classname="soot.jimple.infoflow.test.junit.EasyWrapperTests" name="interfaceInheritanceTest2" time="0.026">
    <error message="dart/preanalysis/NopTransformer" type="java.lang.NoClassDefFoundError">java.lang.NoClassDefFoundError: dart/preanalysis/NopTransformer
	at soot.jimple.infoflow.test.junit.JUnitTests.initInfoflow(JUnitTests.java:135)
	at soot.jimple.infoflow.test.junit.JUnitTests.initInfoflow(JUnitTests.java:131)
	at soot.jimple.infoflow.test.junit.EasyWrapperTests.interfaceInheritanceTest2(EasyWrapperTests.java:138)
Caused by: java.lang.ClassNotFoundException: dart.preanalysis.NopTransformer
	at java.net.URLClassLoader$1.run(URLClassLoader.java:366)
	at java.net.URLClassLoader$1.run(URLClassLoader.java:355)
	at java.security.AccessController.doPrivileged(Native Method)
	at java.net.URLClassLoader.findClass(URLClassLoader.java:354)
	at java.lang.ClassLoader.loadClass(ClassLoader.java:425)
	at sun.misc.Launcher$AppClassLoader.loadClass(Launcher.java:308)
	at java.lang.ClassLoader.loadClass(ClassLoader.java:358)
</error>
  </testcase>
  <testcase classname="soot.jimple.infoflow.test.junit.EasyWrapperTests" name="interfaceInheritanceTest3" time="0.014">
    <error message="dart/preanalysis/NopTransformer" type="java.lang.NoClassDefFoundError">java.lang.NoClassDefFoundError: dart/preanalysis/NopTransformer
	at soot.jimple.infoflow.test.junit.JUnitTests.initInfoflow(JUnitTests.java:135)
	at soot.jimple.infoflow.test.junit.JUnitTests.initInfoflow(JUnitTests.java:131)
	at soot.jimple.infoflow.test.junit.EasyWrapperTests.interfaceInheritanceTest3(EasyWrapperTests.java:153)
Caused by: java.lang.ClassNotFoundException: dart.preanalysis.NopTransformer
	at java.net.URLClassLoader$1.run(URLClassLoader.java:366)
	at java.net.URLClassLoader$1.run(URLClassLoader.java:355)
	at java.security.AccessController.doPrivileged(Native Method)
	at java.net.URLClassLoader.findClass(URLClassLoader.java:354)
	at java.lang.ClassLoader.loadClass(ClassLoader.java:425)
	at sun.misc.Launcher$AppClassLoader.loadClass(Launcher.java:308)
	at java.lang.ClassLoader.loadClass(ClassLoader.java:358)
</error>
  </testcase>
  <testcase classname="soot.jimple.infoflow.test.junit.EasyWrapperTests" name="interfaceInheritanceTest4" time="0.012">
    <error message="dart/preanalysis/NopTransformer" type="java.lang.NoClassDefFoundError">java.lang.NoClassDefFoundError: dart/preanalysis/NopTransformer
	at soot.jimple.infoflow.test.junit.JUnitTests.initInfoflow(JUnitTests.java:135)
	at soot.jimple.infoflow.test.junit.JUnitTests.initInfoflow(JUnitTests.java:131)
	at soot.jimple.infoflow.test.junit.EasyWrapperTests.interfaceInheritanceTest4(EasyWrapperTests.java:168)
Caused by: java.lang.ClassNotFoundException: dart.preanalysis.NopTransformer
	at java.net.URLClassLoader$1.run(URLClassLoader.java:366)
	at java.net.URLClassLoader$1.run(URLClassLoader.java:355)
	at java.security.AccessController.doPrivileged(Native Method)
	at java.net.URLClassLoader.findClass(URLClassLoader.java:354)
	at java.lang.ClassLoader.loadClass(ClassLoader.java:425)
	at sun.misc.Launcher$AppClassLoader.loadClass(Launcher.java:308)
	at java.lang.ClassLoader.loadClass(ClassLoader.java:358)
</error>
  </testcase>
  <testcase classname="soot.jimple.infoflow.test.junit.EasyWrapperTests" name="interfaceInheritanceTest" time="0.011">
    <error message="dart/preanalysis/NopTransformer" type="java.lang.NoClassDefFoundError">java.lang.NoClassDefFoundError: dart/preanalysis/NopTransformer
	at soot.jimple.infoflow.test.junit.JUnitTests.initInfoflow(JUnitTests.java:135)
	at soot.jimple.infoflow.test.junit.JUnitTests.initInfoflow(JUnitTests.java:131)
	at soot.jimple.infoflow.test.junit.EasyWrapperTests.interfaceInheritanceTest(EasyWrapperTests.java:123)
Caused by: java.lang.ClassNotFoundException: dart.preanalysis.NopTransformer
	at java.net.URLClassLoader$1.run(URLClassLoader.java:366)
	at java.net.URLClassLoader$1.run(URLClassLoader.java:355)
	at java.security.AccessController.doPrivileged(Native Method)
	at java.net.URLClassLoader.findClass(URLClassLoader.java:354)
	at java.lang.ClassLoader.loadClass(ClassLoader.java:425)
	at sun.misc.Launcher$AppClassLoader.loadClass(Launcher.java:308)
	at java.lang.ClassLoader.loadClass(ClassLoader.java:358)
</error>
  </testcase>
  <testcase classname="soot.jimple.infoflow.test.junit.EasyWrapperTests" name="equalsTest" time="0.013">
    <error message="dart/preanalysis/NopTransformer" type="java.lang.NoClassDefFoundError">java.lang.NoClassDefFoundError: dart/preanalysis/NopTransformer
	at soot.jimple.infoflow.test.junit.JUnitTests.initInfoflow(JUnitTests.java:135)
	at soot.jimple.infoflow.test.junit.JUnitTests.initInfoflow(JUnitTests.java:131)
	at soot.jimple.infoflow.test.junit.EasyWrapperTests.equalsTest(EasyWrapperTests.java:43)
Caused by: java.lang.ClassNotFoundException: dart.preanalysis.NopTransformer
	at java.net.URLClassLoader$1.run(URLClassLoader.java:366)
	at java.net.URLClassLoader$1.run(URLClassLoader.java:355)
	at java.security.AccessController.doPrivileged(Native Method)
	at java.net.URLClassLoader.findClass(URLClassLoader.java:354)
	at java.lang.ClassLoader.loadClass(ClassLoader.java:425)
	at sun.misc.Launcher$AppClassLoader.loadClass(Launcher.java:308)
	at java.lang.ClassLoader.loadClass(ClassLoader.java:358)
</error>
  </testcase>
  <testcase classname="soot.jimple.infoflow.test.junit.EasyWrapperTests" name="getConstantTest2" time="0.02">
    <error message="dart/preanalysis/NopTransformer" type="java.lang.NoClassDefFoundError">java.lang.NoClassDefFoundError: dart/preanalysis/NopTransformer
	at soot.jimple.infoflow.test.junit.JUnitTests.initInfoflow(JUnitTests.java:135)
	at soot.jimple.infoflow.test.junit.JUnitTests.initInfoflow(JUnitTests.java:131)
	at soot.jimple.infoflow.test.junit.EasyWrapperTests.getConstantTest2(EasyWrapperTests.java:108)
Caused by: java.lang.ClassNotFoundException: dart.preanalysis.NopTransformer
	at java.net.URLClassLoader$1.run(URLClassLoader.java:366)
	at java.net.URLClassLoader$1.run(URLClassLoader.java:355)
	at java.security.AccessController.doPrivileged(Native Method)
	at java.net.URLClassLoader.findClass(URLClassLoader.java:354)
	at java.lang.ClassLoader.loadClass(ClassLoader.java:425)
	at sun.misc.Launcher$AppClassLoader.loadClass(Launcher.java:308)
	at java.lang.ClassLoader.loadClass(ClassLoader.java:358)
</error>
  </testcase>
  <testcase classname="soot.jimple.infoflow.test.junit.EasyWrapperTests" name="hashCodeTest2" time="0.023">
    <error message="dart/preanalysis/NopTransformer" type="java.lang.NoClassDefFoundError">java.lang.NoClassDefFoundError: dart/preanalysis/NopTransformer
	at soot.jimple.infoflow.test.junit.JUnitTests.initInfoflow(JUnitTests.java:135)
	at soot.jimple.infoflow.test.junit.JUnitTests.initInfoflow(JUnitTests.java:131)
	at soot.jimple.infoflow.test.junit.EasyWrapperTests.hashCodeTest2(EasyWrapperTests.java:82)
Caused by: java.lang.ClassNotFoundException: dart.preanalysis.NopTransformer
	at java.net.URLClassLoader$1.run(URLClassLoader.java:366)
	at java.net.URLClassLoader$1.run(URLClassLoader.java:355)
	at java.security.AccessController.doPrivileged(Native Method)
	at java.net.URLClassLoader.findClass(URLClassLoader.java:354)
	at java.lang.ClassLoader.loadClass(ClassLoader.java:425)
	at sun.misc.Launcher$AppClassLoader.loadClass(Launcher.java:308)
	at java.lang.ClassLoader.loadClass(ClassLoader.java:358)
</error>
  </testcase>
  <testcase classname="soot.jimple.infoflow.test.junit.EasyWrapperTests" name="hashCodeTest" time="0.027">
    <error message="dart/preanalysis/NopTransformer" type="java.lang.NoClassDefFoundError">java.lang.NoClassDefFoundError: dart/preanalysis/NopTransformer
	at soot.jimple.infoflow.test.junit.JUnitTests.initInfoflow(JUnitTests.java:135)
	at soot.jimple.infoflow.test.junit.JUnitTests.initInfoflow(JUnitTests.java:131)
	at soot.jimple.infoflow.test.junit.EasyWrapperTests.hashCodeTest(EasyWrapperTests.java:56)
Caused by: java.lang.ClassNotFoundException: dart.preanalysis.NopTransformer
	at java.net.URLClassLoader$1.run(URLClassLoader.java:366)
	at java.net.URLClassLoader$1.run(URLClassLoader.java:355)
	at java.security.AccessController.doPrivileged(Native Method)
	at java.net.URLClassLoader.findClass(URLClassLoader.java:354)
	at java.lang.ClassLoader.loadClass(ClassLoader.java:425)
	at sun.misc.Launcher$AppClassLoader.loadClass(Launcher.java:308)
	at java.lang.ClassLoader.loadClass(ClassLoader.java:358)
</error>
  </testcase>
  <testcase classname="soot.jimple.infoflow.test.junit.EasyWrapperTests" name="getConstantTest" time="0.016">
    <error message="dart/preanalysis/NopTransformer" type="java.lang.NoClassDefFoundError">java.lang.NoClassDefFoundError: dart/preanalysis/NopTransformer
	at soot.jimple.infoflow.test.junit.JUnitTests.initInfoflow(JUnitTests.java:135)
	at soot.jimple.infoflow.test.junit.JUnitTests.initInfoflow(JUnitTests.java:131)
	at soot.jimple.infoflow.test.junit.EasyWrapperTests.getConstantTest(EasyWrapperTests.java:95)
Caused by: java.lang.ClassNotFoundException: dart.preanalysis.NopTransformer
	at java.net.URLClassLoader$1.run(URLClassLoader.java:366)
	at java.net.URLClassLoader$1.run(URLClassLoader.java:355)
	at java.security.AccessController.doPrivileged(Native Method)
	at java.net.URLClassLoader.findClass(URLClassLoader.java:354)
	at java.lang.ClassLoader.loadClass(ClassLoader.java:425)
	at sun.misc.Launcher$AppClassLoader.loadClass(Launcher.java:308)
	at java.lang.ClassLoader.loadClass(ClassLoader.java:358)
</error>
  </testcase>
  <system-out><![CDATA[]]></system-out>
  <system-err><![CDATA[SLF4J: Class path contains multiple SLF4J bindings.
SLF4J: Found binding in [jar:file:/Users/spaeth/Documents/workspace/builds/soot-trunk.jar!/org/slf4j/impl/StaticLoggerBinder.class]
SLF4J: Found binding in [jar:file:/Users/spaeth/Documents/workspace/soot-infoflow-alias/lib/slf4j-simple-1.7.5.jar!/org/slf4j/impl/StaticLoggerBinder.class]
SLF4J: See http://www.slf4j.org/codes.html#multiple_bindings for an explanation.
SLF4J: Actual binding is of type [org.slf4j.impl.SimpleLoggerFactory]
[main] INFO soot.jimple.infoflow.taintWrappers.EasyTaintWrapper - Loaded wrapper entries for 65 classes and 5 exclusions.
[main] INFO soot.jimple.infoflow.taintWrappers.EasyTaintWrapper - Loaded wrapper entries for 65 classes and 5 exclusions.
[main] INFO soot.jimple.infoflow.taintWrappers.EasyTaintWrapper - Loaded wrapper entries for 65 classes and 5 exclusions.
[main] INFO soot.jimple.infoflow.taintWrappers.EasyTaintWrapper - Loaded wrapper entries for 65 classes and 5 exclusions.
[main] INFO soot.jimple.infoflow.taintWrappers.EasyTaintWrapper - Loaded wrapper entries for 65 classes and 5 exclusions.
[main] INFO soot.jimple.infoflow.taintWrappers.EasyTaintWrapper - Loaded wrapper entries for 65 classes and 5 exclusions.
[main] INFO soot.jimple.infoflow.taintWrappers.EasyTaintWrapper - Loaded wrapper entries for 65 classes and 5 exclusions.
[main] INFO soot.jimple.infoflow.taintWrappers.EasyTaintWrapper - Loaded wrapper entries for 65 classes and 5 exclusions.
[main] INFO soot.jimple.infoflow.taintWrappers.EasyTaintWrapper - Loaded wrapper entries for 65 classes and 5 exclusions.
[main] INFO soot.jimple.infoflow.taintWrappers.EasyTaintWrapper - Loaded wrapper entries for 65 classes and 5 exclusions.
[main] INFO soot.jimple.infoflow.taintWrappers.EasyTaintWrapper - Loaded wrapper entries for 65 classes and 5 exclusions.
]]></system-err>
</testsuite>
